<?xml version="1.0" encoding="UTF-8"?>
<!-- Generated by org.testng.reporters.JUnitReportReporter -->
<testsuite hostname="LTILHYD24001384" failures="0" tests="4" name="test.functional.sanity.ExtentReportsClass" time="57.090" errors="0" timestamp="2022-06-29T18:35:01 IST" skipped="0">
  <testcase classname="test.functional.sanity.ExtentReportsClass" name="Smoke01" time="16.708"/>
  <testcase classname="test.functional.sanity.ExtentReportsClass" name="Smoke02" time="10.296"/>
  <testcase classname="test.functional.sanity.ExtentReportsClass" name="Smoke04" time="5.585"/>
  <testcase classname="test.functional.sanity.ExtentReportsClass" name="Smoke03" time="24.501"/>
</testsuite> <!-- test.functional.sanity.ExtentReportsClass -->
