<?xml version="1.0" encoding="UTF-8"?>
<!-- Generated by org.testng.reporters.JUnitReportReporter -->
<testsuite hostname="LTILHYD24001384" failures="0" tests="4" name="test.functional.sanity.ExtentReportsClass" time="35.703" errors="0" timestamp="2022-06-28T19:18:56 IST" skipped="0">
  <testcase classname="test.functional.sanity.ExtentReportsClass" name="Smoke01" time="12.048"/>
  <testcase classname="test.functional.sanity.ExtentReportsClass" name="Smoke02" time="4.459"/>
  <testcase classname="test.functional.sanity.ExtentReportsClass" name="Smoke03" time="15.059"/>
  <testcase classname="test.functional.sanity.ExtentReportsClass" name="Smoke04" time="4.137"/>
</testsuite> <!-- test.functional.sanity.ExtentReportsClass -->
